<?xml version="1.0" encoding="UTF-8"?>
<!-- Generated by org.testng.reporters.JUnitXMLReporter -->
<testsuite ignored="0" hostname="DESKTOP-1E9PTFA" failures="5" tests="5" name="Default test(failed)" time="27.791" errors="0" timestamp="2025-01-06T10:53:03 IST">
  <testcase classname="TestCases.TC003_LogunDDT" name="verify_loginDDT" time="11.642">
    <failure type="java.lang.AssertionError" message="null">
      <![CDATA[java.lang.AssertionError: null
at TestCases.TC003_LogunDDT.verify_loginDDT(TC003_LogunDDT.java:69)
at java.base/java.util.ArrayList.forEach(ArrayList.java:1511)
... Removed 29 stack frames]]>
    </failure>
  </testcase> <!-- verify_loginDDT -->
  <testcase classname="TestCases.TC003_LogunDDT" name="verify_loginDDT" time="10.059">
    <failure type="java.lang.AssertionError" message="null">
      <![CDATA[java.lang.AssertionError: null
at TestCases.TC003_LogunDDT.verify_loginDDT(TC003_LogunDDT.java:69)
at java.base/java.util.ArrayList.forEach(ArrayList.java:1511)
... Removed 29 stack frames]]>
    </failure>
  </testcase> <!-- verify_loginDDT -->
  <testcase classname="TestCases.TC003_LogunDDT" name="verify_loginDDT" time="0.0">
    <failure type="java.lang.AssertionError" message="null">
      <![CDATA[java.lang.AssertionError: null
at TestCases.TC003_LogunDDT.verify_loginDDT(TC003_LogunDDT.java:69)
at java.base/java.util.ArrayList.forEach(ArrayList.java:1511)
... Removed 29 stack frames]]>
    </failure>
  </testcase> <!-- verify_loginDDT -->
  <testcase classname="TestCases.TC003_LogunDDT" name="verify_loginDDT" time="0.012">
    <failure type="java.lang.AssertionError" message="null">
      <![CDATA[java.lang.AssertionError: null
at TestCases.TC003_LogunDDT.verify_loginDDT(TC003_LogunDDT.java:69)
at java.base/java.util.ArrayList.forEach(ArrayList.java:1511)
... Removed 29 stack frames]]>
    </failure>
  </testcase> <!-- verify_loginDDT -->
  <testcase classname="TestCases.TC003_LogunDDT" name="verify_loginDDT" time="0.004">
    <failure type="java.lang.AssertionError" message="null">
      <![CDATA[java.lang.AssertionError: null
at TestCases.TC003_LogunDDT.verify_loginDDT(TC003_LogunDDT.java:69)
at java.base/java.util.ArrayList.forEach(ArrayList.java:1511)
... Removed 29 stack frames]]>
    </failure>
  </testcase> <!-- verify_loginDDT -->
</testsuite> <!-- Default test(failed) -->
