<?xml version="1.0" encoding="UTF-8"?>
<!-- Generated by org.testng.reporters.JUnitXMLReporter -->
<testsuite ignored="0" hostname="DESKTOP-1E9PTFA" failures="0" tests="4" name="my tests" time="9.841" errors="0" timestamp="2024-12-30T12:01:47 IST">
  <testcase classname="day2.OrangeHRM" name="openapp" time="7.36"/>
  <testcase classname="day2.OrangeHRM" name="testLogo" time="2.05"/>
  <testcase classname="day2.OrangeHRM" name="testLogin" time="0.211"/>
  <testcase classname="day2.OrangeHRM" name="logout" time="0.164"/>
</testsuite> <!-- my tests -->
