<?xml version="1.0" encoding="UTF-8"?>
<testng-results ignored="0" total="2" passed="2" failed="0" skipped="0">
  <reporter-output>
  </reporter-output>
  <suite started-at="2025-01-13T16:48:27 IST" name="Master Suite" finished-at="2025-01-13T16:48:52 IST" duration-ms="24917">
    <groups>
      <group name="Master">
        <method signature="TC001_AccountRegistration.verify_account_registration()[pri:0, instance:TestCases.TC001_AccountRegistration@4c5474f5]" name="verify_account_registration" class="TestCases.TC001_AccountRegistration"/>
        <method signature="TC_002_LOGinTest.verify_login()[pri:0, instance:TestCases.TC_002_LOGinTest@2e61d218]" name="verify_login" class="TestCases.TC_002_LOGinTest"/>
      </group> <!-- Master -->
      <group name="Regrission">
        <method signature="TC001_AccountRegistration.verify_account_registration()[pri:0, instance:TestCases.TC001_AccountRegistration@4c5474f5]" name="verify_account_registration" class="TestCases.TC001_AccountRegistration"/>
      </group> <!-- Regrission -->
      <group name="Sanity">
        <method signature="TC_002_LOGinTest.verify_login()[pri:0, instance:TestCases.TC_002_LOGinTest@2e61d218]" name="verify_login" class="TestCases.TC_002_LOGinTest"/>
      </group> <!-- Sanity -->
    </groups>
    <test started-at="2025-01-13T16:48:27 IST" name="Windows" finished-at="2025-01-13T16:48:52 IST" duration-ms="24917">
      <class name="TestCases.TC_002_LOGinTest">
        <test-method is-config="true" signature="setup(java.lang.String,java.lang.String)[pri:0, instance:TestCases.TC_002_LOGinTest@2e61d218]" started-at="2025-01-13T16:48:39 IST" name="setup" finished-at="2025-01-13T16:48:48 IST" duration-ms="9336" status="PASS">
          <params>
            <param index="0">
              <value>
                <![CDATA[Windows]]>
              </value>
            </param>
            <param index="1">
              <value>
                <![CDATA[chrome]]>
              </value>
            </param>
          </params>
          <reporter-output>
          </reporter-output>
        </test-method> <!-- setup -->
        <test-method signature="verify_login()[pri:0, instance:TestCases.TC_002_LOGinTest@2e61d218]" started-at="2025-01-13T16:48:48 IST" name="verify_login" finished-at="2025-01-13T16:48:51 IST" duration-ms="2817" status="PASS">
          <reporter-output>
          </reporter-output>
        </test-method> <!-- verify_login -->
        <test-method is-config="true" signature="tearDown()[pri:0, instance:TestCases.TC_002_LOGinTest@2e61d218]" started-at="2025-01-13T16:48:51 IST" name="tearDown" finished-at="2025-01-13T16:48:52 IST" duration-ms="536" status="PASS">
          <reporter-output>
          </reporter-output>
        </test-method> <!-- tearDown -->
      </class> <!-- TestCases.TC_002_LOGinTest -->
      <class name="TestCases.TC001_AccountRegistration">
        <test-method is-config="true" signature="setup(java.lang.String,java.lang.String)[pri:0, instance:TestCases.TC001_AccountRegistration@4c5474f5]" started-at="2025-01-13T16:48:27 IST" name="setup" finished-at="2025-01-13T16:48:33 IST" duration-ms="6425" status="PASS">
          <params>
            <param index="0">
              <value>
                <![CDATA[Windows]]>
              </value>
            </param>
            <param index="1">
              <value>
                <![CDATA[chrome]]>
              </value>
            </param>
          </params>
          <reporter-output>
          </reporter-output>
        </test-method> <!-- setup -->
        <test-method signature="verify_account_registration()[pri:0, instance:TestCases.TC001_AccountRegistration@4c5474f5]" started-at="2025-01-13T16:48:33 IST" name="verify_account_registration" finished-at="2025-01-13T16:48:38 IST" duration-ms="4788" status="PASS">
          <reporter-output>
          </reporter-output>
        </test-method> <!-- verify_account_registration -->
        <test-method is-config="true" signature="tearDown()[pri:0, instance:TestCases.TC001_AccountRegistration@4c5474f5]" started-at="2025-01-13T16:48:38 IST" name="tearDown" finished-at="2025-01-13T16:48:39 IST" duration-ms="570" status="PASS">
          <reporter-output>
          </reporter-output>
        </test-method> <!-- tearDown -->
      </class> <!-- TestCases.TC001_AccountRegistration -->
    </test> <!-- Windows -->
  </suite> <!-- Master Suite -->
</testng-results>
