<?xml version="1.0" encoding="UTF-8"?>
<testng-results ignored="0" total="1" passed="1" failed="0" skipped="0">
  <reporter-output>
  </reporter-output>
  <suite started-at="2025-01-13T15:53:01 IST" name="Suite" finished-at="2025-01-13T15:53:21 IST" duration-ms="19920">
    <groups>
    </groups>
    <test started-at="2025-01-13T15:53:01 IST" name="Test" finished-at="2025-01-13T15:53:21 IST" duration-ms="19920">
      <class name="day4.LoginTest">
        <test-method is-config="true" signature="setup()[pri:0, instance:day4.LoginTest@201a4587]" started-at="2025-01-13T15:53:01 IST" name="setup" finished-at="2025-01-13T15:53:09 IST" duration-ms="8095" status="PASS">
          <reporter-output>
          </reporter-output>
        </test-method> <!-- setup -->
        <test-method signature="testLogin()[pri:0, instance:day4.LoginTest@201a4587]" started-at="2025-01-13T15:53:09 IST" name="testLogin" finished-at="2025-01-13T15:53:21 IST" duration-ms="11435" status="PASS">
          <reporter-output>
          </reporter-output>
        </test-method> <!-- testLogin -->
        <test-method is-config="true" signature="teardown()[pri:0, instance:day4.LoginTest@201a4587]" started-at="2025-01-13T15:53:21 IST" name="teardown" finished-at="2025-01-13T15:53:21 IST" duration-ms="342" status="PASS">
          <reporter-output>
          </reporter-output>
        </test-method> <!-- teardown -->
      </class> <!-- day4.LoginTest -->
    </test> <!-- Test -->
  </suite> <!-- Suite -->
</testng-results>
